Jul 05, 2021 7:28:13 PM com.google.cloud.datastore.emulator.firestore.websocket.WebSocketServer start
INFO: Started WebSocket server on ws://localhost:51606
API endpoint: http://localhost:8080
If you are using a library that supports the FIRESTORE_EMULATOR_HOST environment variable, run:

   export FIRESTORE_EMULATOR_HOST=localhost:8080

Dev App Server is now running.

Jul 05, 2021 7:28:44 PM io.gapi.emulators.netty.HttpVersionRoutingHandler channelRead
INFO: Detected non-HTTP/2 connection.
Jul 05, 2021 7:28:44 PM io.gapi.emulators.netty.HttpVersionRoutingHandler channelRead
INFO: Detected HTTP/2 connection.
Jul 05, 2021 7:28:46 PM io.gapi.emulators.netty.HttpVersionRoutingHandler channelRead
INFO: Detected HTTP/2 connection.
Jul 05, 2021 7:28:47 PM io.gapi.emulators.netty.HttpVersionRoutingHandler channelRead
INFO: Detected non-HTTP/2 connection.
Jul 05, 2021 7:28:47 PM com.google.cloud.datastore.emulator.impl.util.WrappedStreamObserver onError
INFO: operation failed: no entity to update: app: "dev~test-again-46aef"
path <
  Element {
    type: "users"
    name: "alice"
  }
  Element {
    type: "videos"
    name: "react_1"
  }
>

com.google.cloud.datastore.core.exception.DatastoreException: no entity to update: app: "dev~test-again-46aef"
path <
  Element {
    type: "users"
    name: "alice"
  }
  Element {
    type: "videos"
    name: "react_1"
  }
>

	at com.google.cloud.datastore.core.exception.DatastoreException.withProblem(DatastoreException.java:176)
	at com.google.cloud.datastore.emulator.impl.util.FirestoreEmulatorConverters.checkMutation(FirestoreEmulatorConverters.java:168)
	at com.google.cloud.datastore.emulator.impl.CloudFirestoreV1.commitHelper(CloudFirestoreV1.java:878)
	at com.google.cloud.datastore.emulator.impl.CloudFirestoreV1.internalCommit(CloudFirestoreV1.java:780)
	at com.google.cloud.datastore.emulator.impl.CloudFirestoreV1.internalCommit(CloudFirestoreV1.java:764)
	at com.google.cloud.datastore.emulator.impl.CloudFirestoreV1.write(CloudFirestoreV1.java:753)
	at com.google.cloud.datastore.emulator.impl.CloudFirestoreV1WriteStream.handleRequest(CloudFirestoreV1WriteStream.java:208)
	at com.google.cloud.datastore.emulator.impl.CloudFirestoreV1WriteStream.write(CloudFirestoreV1WriteStream.java:136)
	at com.google.cloud.datastore.emulator.impl.CloudFirestoreV1WriteStream.onNext(CloudFirestoreV1WriteStream.java:92)
	at com.google.cloud.datastore.emulator.impl.CloudFirestoreV1WriteStream.onNext(CloudFirestoreV1WriteStream.java:25)
	at io.grpc.stub.ServerCalls$StreamingServerCallHandler$StreamingServerCallListener.onMessage(ServerCalls.java:255)
	at io.grpc.ForwardingServerCallListener.onMessage(ForwardingServerCallListener.java:33)
	at io.grpc.Contexts$ContextualizedServerCallListener.onMessage(Contexts.java:76)
	at io.grpc.ForwardingServerCallListener.onMessage(ForwardingServerCallListener.java:33)
	at io.grpc.Contexts$ContextualizedServerCallListener.onMessage(Contexts.java:76)
	at io.grpc.internal.ServerCallImpl$ServerStreamListenerImpl.messagesAvailableInternal(ServerCallImpl.java:309)
	at io.grpc.internal.ServerCallImpl$ServerStreamListenerImpl.messagesAvailable(ServerCallImpl.java:292)
	at io.grpc.internal.ServerImpl$JumpToApplicationThreadServerStreamListener$1MessagesAvailable.runInContext(ServerImpl.java:765)
	at io.grpc.internal.ContextRunnable.run(ContextRunnable.java:37)
	at io.grpc.internal.SerializingExecutor.run(SerializingExecutor.java:123)
	at java.base/java.util.concurrent.ThreadPoolExecutor.runWorker(ThreadPoolExecutor.java:1130)
	at java.base/java.util.concurrent.ThreadPoolExecutor$Worker.run(ThreadPoolExecutor.java:630)
	at java.base/java.lang.Thread.run(Thread.java:831)

Jul 05, 2021 7:28:47 PM io.gapi.emulators.netty.HttpVersionRoutingHandler channelRead
INFO: Detected non-HTTP/2 connection.
Jul 05, 2021 7:28:47 PM io.gapi.emulators.netty.HttpVersionRoutingHandler channelRead
INFO: Detected non-HTTP/2 connection.
Jul 05, 2021 7:28:47 PM io.gapi.emulators.netty.HttpVersionRoutingHandler channelRead
INFO: Detected non-HTTP/2 connection.
Jul 05, 2021 7:28:47 PM io.gapi.emulators.netty.HttpVersionRoutingHandler channelRead
INFO: Detected non-HTTP/2 connection.
Jul 05, 2021 7:28:47 PM com.google.cloud.datastore.emulator.impl.util.WrappedStreamObserver onError
INFO: operation failed: 
false for 'create' @ L62
com.google.cloud.datastore.core.exception.DatastoreException: 
false for 'create' @ L62
	at com.google.cloud.datastore.core.exception.DatastoreException$Builder.build(DatastoreException.java:111)
	at com.google.cloud.datastore.emulator.impl.rules.EmulatorRulesAuthorizer.verboseError(EmulatorRulesAuthorizer.java:289)
	at com.google.cloud.datastore.emulator.impl.rules.EmulatorRulesAuthorizer.withVerboseErrors(EmulatorRulesAuthorizer.java:266)
	at com.google.cloud.datastore.emulator.impl.rules.EmulatorRulesAuthorizer.checkCommit(EmulatorRulesAuthorizer.java:118)
	at com.google.cloud.datastore.emulator.impl.CloudFirestoreV1.commitHelper(CloudFirestoreV1.java:873)
	at com.google.cloud.datastore.emulator.impl.CloudFirestoreV1.internalCommit(CloudFirestoreV1.java:780)
	at com.google.cloud.datastore.emulator.impl.CloudFirestoreV1.internalCommit(CloudFirestoreV1.java:764)
	at com.google.cloud.datastore.emulator.impl.CloudFirestoreV1.write(CloudFirestoreV1.java:753)
	at com.google.cloud.datastore.emulator.impl.CloudFirestoreV1WriteStream.handleRequest(CloudFirestoreV1WriteStream.java:208)
	at com.google.cloud.datastore.emulator.impl.CloudFirestoreV1WriteStream.write(CloudFirestoreV1WriteStream.java:136)
	at com.google.cloud.datastore.emulator.impl.CloudFirestoreV1WriteStream.onNext(CloudFirestoreV1WriteStream.java:92)
	at com.google.cloud.datastore.emulator.impl.CloudFirestoreV1WriteStream.onNext(CloudFirestoreV1WriteStream.java:25)
	at io.grpc.stub.ServerCalls$StreamingServerCallHandler$StreamingServerCallListener.onMessage(ServerCalls.java:255)
	at io.grpc.ForwardingServerCallListener.onMessage(ForwardingServerCallListener.java:33)
	at io.grpc.Contexts$ContextualizedServerCallListener.onMessage(Contexts.java:76)
	at io.grpc.ForwardingServerCallListener.onMessage(ForwardingServerCallListener.java:33)
	at io.grpc.Contexts$ContextualizedServerCallListener.onMessage(Contexts.java:76)
	at io.grpc.internal.ServerCallImpl$ServerStreamListenerImpl.messagesAvailableInternal(ServerCallImpl.java:309)
	at io.grpc.internal.ServerCallImpl$ServerStreamListenerImpl.messagesAvailable(ServerCallImpl.java:292)
	at io.grpc.internal.ServerImpl$JumpToApplicationThreadServerStreamListener$1MessagesAvailable.runInContext(ServerImpl.java:765)
	at io.grpc.internal.ContextRunnable.run(ContextRunnable.java:37)
	at io.grpc.internal.SerializingExecutor.run(SerializingExecutor.java:123)
	at java.base/java.util.concurrent.ThreadPoolExecutor.runWorker(ThreadPoolExecutor.java:1130)
	at java.base/java.util.concurrent.ThreadPoolExecutor$Worker.run(ThreadPoolExecutor.java:630)
	at java.base/java.lang.Thread.run(Thread.java:831)

Jul 05, 2021 7:28:47 PM io.gapi.emulators.netty.HttpVersionRoutingHandler channelRead
INFO: Detected non-HTTP/2 connection.
Jul 05, 2021 7:28:48 PM io.gapi.emulators.netty.HttpVersionRoutingHandler channelRead
INFO: Detected non-HTTP/2 connection.
Jul 05, 2021 7:28:48 PM com.google.cloud.datastore.emulator.impl.util.WrappedStreamObserver onError
INFO: operation failed: 
Property comment is undefined on object. for 'create' @ L47
com.google.cloud.datastore.core.exception.DatastoreException: 
Property comment is undefined on object. for 'create' @ L47
	at com.google.cloud.datastore.core.exception.DatastoreException$Builder.build(DatastoreException.java:111)
	at com.google.cloud.datastore.emulator.impl.rules.EmulatorRulesAuthorizer.verboseError(EmulatorRulesAuthorizer.java:289)
	at com.google.cloud.datastore.emulator.impl.rules.EmulatorRulesAuthorizer.withVerboseErrors(EmulatorRulesAuthorizer.java:266)
	at com.google.cloud.datastore.emulator.impl.rules.EmulatorRulesAuthorizer.checkCommit(EmulatorRulesAuthorizer.java:118)
	at com.google.cloud.datastore.emulator.impl.CloudFirestoreV1.commitHelper(CloudFirestoreV1.java:873)
	at com.google.cloud.datastore.emulator.impl.CloudFirestoreV1.internalCommit(CloudFirestoreV1.java:780)
	at com.google.cloud.datastore.emulator.impl.CloudFirestoreV1.internalCommit(CloudFirestoreV1.java:764)
	at com.google.cloud.datastore.emulator.impl.CloudFirestoreV1.write(CloudFirestoreV1.java:753)
	at com.google.cloud.datastore.emulator.impl.CloudFirestoreV1WriteStream.handleRequest(CloudFirestoreV1WriteStream.java:208)
	at com.google.cloud.datastore.emulator.impl.CloudFirestoreV1WriteStream.write(CloudFirestoreV1WriteStream.java:136)
	at com.google.cloud.datastore.emulator.impl.CloudFirestoreV1WriteStream.onNext(CloudFirestoreV1WriteStream.java:92)
	at com.google.cloud.datastore.emulator.impl.CloudFirestoreV1WriteStream.onNext(CloudFirestoreV1WriteStream.java:25)
	at io.grpc.stub.ServerCalls$StreamingServerCallHandler$StreamingServerCallListener.onMessage(ServerCalls.java:255)
	at io.grpc.ForwardingServerCallListener.onMessage(ForwardingServerCallListener.java:33)
	at io.grpc.Contexts$ContextualizedServerCallListener.onMessage(Contexts.java:76)
	at io.grpc.ForwardingServerCallListener.onMessage(ForwardingServerCallListener.java:33)
	at io.grpc.Contexts$ContextualizedServerCallListener.onMessage(Contexts.java:76)
	at io.grpc.internal.ServerCallImpl$ServerStreamListenerImpl.messagesAvailableInternal(ServerCallImpl.java:309)
	at io.grpc.internal.ServerCallImpl$ServerStreamListenerImpl.messagesAvailable(ServerCallImpl.java:292)
	at io.grpc.internal.ServerImpl$JumpToApplicationThreadServerStreamListener$1MessagesAvailable.runInContext(ServerImpl.java:765)
	at io.grpc.internal.ContextRunnable.run(ContextRunnable.java:37)
	at io.grpc.internal.SerializingExecutor.run(SerializingExecutor.java:123)
	at java.base/java.util.concurrent.ThreadPoolExecutor.runWorker(ThreadPoolExecutor.java:1130)
	at java.base/java.util.concurrent.ThreadPoolExecutor$Worker.run(ThreadPoolExecutor.java:630)
	at java.base/java.lang.Thread.run(Thread.java:831)
Caused by: com.google.firebase.rules.runtime.common.EvaluationException: Error:  line [50], column [13]. Property comment is undefined on object.
	at com.google.firebase.rules.runtime.impl.DefaultEvaluator$TransformEvaluationException.apply(DefaultEvaluator.java:292)
	at com.google.firebase.rules.runtime.impl.DefaultEvaluator$TransformEvaluationException.apply(DefaultEvaluator.java:277)
	at com.google.common.util.concurrent.AbstractCatchingFuture$AsyncCatchingFuture.doFallback(AbstractCatchingFuture.java:204)
	at com.google.common.util.concurrent.AbstractCatchingFuture$AsyncCatchingFuture.doFallback(AbstractCatchingFuture.java:191)
	at com.google.common.util.concurrent.AbstractCatchingFuture.run(AbstractCatchingFuture.java:134)
	at com.google.common.util.concurrent.DirectExecutor.execute(DirectExecutor.java:33)
	at com.google.common.util.concurrent.AbstractFuture.executeListener(AbstractFuture.java:1220)
	at com.google.common.util.concurrent.AbstractFuture.addListener(AbstractFuture.java:728)
	at com.google.common.util.concurrent.FluentFuture$TrustedFuture.addListener(FluentFuture.java:124)
	at com.google.common.util.concurrent.AbstractCatchingFuture.create(AbstractCatchingFuture.java:57)
	at com.google.common.util.concurrent.Futures.catchingAsync(Futures.java:401)
	at com.google.firebase.rules.runtime.impl.DefaultEvaluator.evaluate(DefaultEvaluator.java:193)
	at com.google.cloud.datastore.emulator.impl.rules.EmulatorRuleClient$EmulatorRuleEvaluator.evaluate(EmulatorRuleClient.java:91)
	at com.google.cloud.datastore.emulator.impl.rules.EmulatorRuleClient$EmulatorRuleEvaluator.evaluate(EmulatorRuleClient.java:81)
	at com.google.cloud.datastore.core.auth.rules.SinglePhaseRulesAuthorizer.evaluate(SinglePhaseRulesAuthorizer.java:475)
	at com.google.cloud.datastore.core.auth.rules.SinglePhaseRulesAuthorizer.access$200(SinglePhaseRulesAuthorizer.java:80)
	at com.google.cloud.datastore.core.auth.rules.SinglePhaseRulesAuthorizer$CommitAuthorizerImpl.checkAccess(SinglePhaseRulesAuthorizer.java:702)
	at com.google.cloud.datastore.emulator.impl.rules.EmulatorRulesAuthorizer.lambda$checkCommit$0(EmulatorRulesAuthorizer.java:126)
	at com.google.cloud.datastore.emulator.impl.rules.EmulatorRulesAuthorizer.withVerboseErrors(EmulatorRulesAuthorizer.java:261)
	... 22 more

Jul 05, 2021 7:28:48 PM io.gapi.emulators.netty.HttpVersionRoutingHandler channelRead
INFO: Detected non-HTTP/2 connection.
Jul 05, 2021 7:28:48 PM com.google.cloud.datastore.emulator.impl.util.WrappedStreamObserver onError
INFO: operation failed: 
false for 'update' @ L52
com.google.cloud.datastore.core.exception.DatastoreException: 
false for 'update' @ L52
	at com.google.cloud.datastore.core.exception.DatastoreException$Builder.build(DatastoreException.java:111)
	at com.google.cloud.datastore.emulator.impl.rules.EmulatorRulesAuthorizer.verboseError(EmulatorRulesAuthorizer.java:289)
	at com.google.cloud.datastore.emulator.impl.rules.EmulatorRulesAuthorizer.withVerboseErrors(EmulatorRulesAuthorizer.java:266)
	at com.google.cloud.datastore.emulator.impl.rules.EmulatorRulesAuthorizer.checkCommit(EmulatorRulesAuthorizer.java:118)
	at com.google.cloud.datastore.emulator.impl.CloudFirestoreV1.commitHelper(CloudFirestoreV1.java:873)
	at com.google.cloud.datastore.emulator.impl.CloudFirestoreV1.internalCommit(CloudFirestoreV1.java:780)
	at com.google.cloud.datastore.emulator.impl.CloudFirestoreV1.internalCommit(CloudFirestoreV1.java:764)
	at com.google.cloud.datastore.emulator.impl.CloudFirestoreV1.write(CloudFirestoreV1.java:753)
	at com.google.cloud.datastore.emulator.impl.CloudFirestoreV1WriteStream.handleRequest(CloudFirestoreV1WriteStream.java:208)
	at com.google.cloud.datastore.emulator.impl.CloudFirestoreV1WriteStream.write(CloudFirestoreV1WriteStream.java:136)
	at com.google.cloud.datastore.emulator.impl.CloudFirestoreV1WriteStream.onNext(CloudFirestoreV1WriteStream.java:92)
	at com.google.cloud.datastore.emulator.impl.CloudFirestoreV1WriteStream.onNext(CloudFirestoreV1WriteStream.java:25)
	at io.grpc.stub.ServerCalls$StreamingServerCallHandler$StreamingServerCallListener.onMessage(ServerCalls.java:255)
	at io.grpc.ForwardingServerCallListener.onMessage(ForwardingServerCallListener.java:33)
	at io.grpc.Contexts$ContextualizedServerCallListener.onMessage(Contexts.java:76)
	at io.grpc.ForwardingServerCallListener.onMessage(ForwardingServerCallListener.java:33)
	at io.grpc.Contexts$ContextualizedServerCallListener.onMessage(Contexts.java:76)
	at io.grpc.internal.ServerCallImpl$ServerStreamListenerImpl.messagesAvailableInternal(ServerCallImpl.java:309)
	at io.grpc.internal.ServerCallImpl$ServerStreamListenerImpl.messagesAvailable(ServerCallImpl.java:292)
	at io.grpc.internal.ServerImpl$JumpToApplicationThreadServerStreamListener$1MessagesAvailable.runInContext(ServerImpl.java:765)
	at io.grpc.internal.ContextRunnable.run(ContextRunnable.java:37)
	at io.grpc.internal.SerializingExecutor.run(SerializingExecutor.java:123)
	at java.base/java.util.concurrent.ThreadPoolExecutor.runWorker(ThreadPoolExecutor.java:1130)
	at java.base/java.util.concurrent.ThreadPoolExecutor$Worker.run(ThreadPoolExecutor.java:630)
	at java.base/java.lang.Thread.run(Thread.java:831)

Jul 05, 2021 7:28:48 PM io.gapi.emulators.netty.HttpVersionRoutingHandler channelRead
INFO: Detected non-HTTP/2 connection.
Jul 05, 2021 7:30:08 PM io.gapi.emulators.netty.HttpVersionRoutingHandler channelRead
INFO: Detected non-HTTP/2 connection.
Jul 05, 2021 7:30:08 PM io.gapi.emulators.netty.HttpVersionRoutingHandler channelRead
INFO: Detected HTTP/2 connection.
Jul 05, 2021 7:30:08 PM io.gapi.emulators.netty.HttpVersionRoutingHandler channelRead
INFO: Detected non-HTTP/2 connection.
Jul 05, 2021 7:30:08 PM io.gapi.emulators.netty.HttpVersionRoutingHandler channelRead
INFO: Detected non-HTTP/2 connection.
Jul 05, 2021 7:30:08 PM io.gapi.emulators.netty.HttpVersionRoutingHandler channelRead
INFO: Detected non-HTTP/2 connection.
Jul 05, 2021 7:30:09 PM io.gapi.emulators.netty.HttpVersionRoutingHandler channelRead
INFO: Detected non-HTTP/2 connection.
Jul 05, 2021 7:30:09 PM com.google.cloud.datastore.emulator.impl.util.WrappedStreamObserver onError
INFO: operation failed: 
false for 'create' @ L62
com.google.cloud.datastore.core.exception.DatastoreException: 
false for 'create' @ L62
	at com.google.cloud.datastore.core.exception.DatastoreException$Builder.build(DatastoreException.java:111)
	at com.google.cloud.datastore.emulator.impl.rules.EmulatorRulesAuthorizer.verboseError(EmulatorRulesAuthorizer.java:289)
	at com.google.cloud.datastore.emulator.impl.rules.EmulatorRulesAuthorizer.withVerboseErrors(EmulatorRulesAuthorizer.java:266)
	at com.google.cloud.datastore.emulator.impl.rules.EmulatorRulesAuthorizer.checkCommit(EmulatorRulesAuthorizer.java:118)
	at com.google.cloud.datastore.emulator.impl.CloudFirestoreV1.commitHelper(CloudFirestoreV1.java:873)
	at com.google.cloud.datastore.emulator.impl.CloudFirestoreV1.internalCommit(CloudFirestoreV1.java:780)
	at com.google.cloud.datastore.emulator.impl.CloudFirestoreV1.internalCommit(CloudFirestoreV1.java:764)
	at com.google.cloud.datastore.emulator.impl.CloudFirestoreV1.write(CloudFirestoreV1.java:753)
	at com.google.cloud.datastore.emulator.impl.CloudFirestoreV1WriteStream.handleRequest(CloudFirestoreV1WriteStream.java:208)
	at com.google.cloud.datastore.emulator.impl.CloudFirestoreV1WriteStream.write(CloudFirestoreV1WriteStream.java:136)
	at com.google.cloud.datastore.emulator.impl.CloudFirestoreV1WriteStream.onNext(CloudFirestoreV1WriteStream.java:92)
	at com.google.cloud.datastore.emulator.impl.CloudFirestoreV1WriteStream.onNext(CloudFirestoreV1WriteStream.java:25)
	at io.grpc.stub.ServerCalls$StreamingServerCallHandler$StreamingServerCallListener.onMessage(ServerCalls.java:255)
	at io.grpc.ForwardingServerCallListener.onMessage(ForwardingServerCallListener.java:33)
	at io.grpc.Contexts$ContextualizedServerCallListener.onMessage(Contexts.java:76)
	at io.grpc.ForwardingServerCallListener.onMessage(ForwardingServerCallListener.java:33)
	at io.grpc.Contexts$ContextualizedServerCallListener.onMessage(Contexts.java:76)
	at io.grpc.internal.ServerCallImpl$ServerStreamListenerImpl.messagesAvailableInternal(ServerCallImpl.java:309)
	at io.grpc.internal.ServerCallImpl$ServerStreamListenerImpl.messagesAvailable(ServerCallImpl.java:292)
	at io.grpc.internal.ServerImpl$JumpToApplicationThreadServerStreamListener$1MessagesAvailable.runInContext(ServerImpl.java:765)
	at io.grpc.internal.ContextRunnable.run(ContextRunnable.java:37)
	at io.grpc.internal.SerializingExecutor.run(SerializingExecutor.java:123)
	at java.base/java.util.concurrent.ThreadPoolExecutor.runWorker(ThreadPoolExecutor.java:1130)
	at java.base/java.util.concurrent.ThreadPoolExecutor$Worker.run(ThreadPoolExecutor.java:630)
	at java.base/java.lang.Thread.run(Thread.java:831)

Jul 05, 2021 7:30:09 PM io.gapi.emulators.netty.HttpVersionRoutingHandler channelRead
INFO: Detected non-HTTP/2 connection.
Jul 05, 2021 7:30:09 PM io.gapi.emulators.netty.HttpVersionRoutingHandler channelRead
INFO: Detected non-HTTP/2 connection.
Jul 05, 2021 7:30:09 PM io.gapi.emulators.netty.HttpVersionRoutingHandler channelRead
INFO: Detected non-HTTP/2 connection.
Jul 05, 2021 7:30:09 PM com.google.cloud.datastore.emulator.impl.util.WrappedStreamObserver onError
INFO: operation failed: 
false for 'create' @ L47
com.google.cloud.datastore.core.exception.DatastoreException: 
false for 'create' @ L47
	at com.google.cloud.datastore.core.exception.DatastoreException$Builder.build(DatastoreException.java:111)
	at com.google.cloud.datastore.emulator.impl.rules.EmulatorRulesAuthorizer.verboseError(EmulatorRulesAuthorizer.java:289)
	at com.google.cloud.datastore.emulator.impl.rules.EmulatorRulesAuthorizer.withVerboseErrors(EmulatorRulesAuthorizer.java:266)
	at com.google.cloud.datastore.emulator.impl.rules.EmulatorRulesAuthorizer.checkCommit(EmulatorRulesAuthorizer.java:118)
	at com.google.cloud.datastore.emulator.impl.CloudFirestoreV1.commitHelper(CloudFirestoreV1.java:873)
	at com.google.cloud.datastore.emulator.impl.CloudFirestoreV1.internalCommit(CloudFirestoreV1.java:780)
	at com.google.cloud.datastore.emulator.impl.CloudFirestoreV1.internalCommit(CloudFirestoreV1.java:764)
	at com.google.cloud.datastore.emulator.impl.CloudFirestoreV1.write(CloudFirestoreV1.java:753)
	at com.google.cloud.datastore.emulator.impl.CloudFirestoreV1WriteStream.handleRequest(CloudFirestoreV1WriteStream.java:208)
	at com.google.cloud.datastore.emulator.impl.CloudFirestoreV1WriteStream.write(CloudFirestoreV1WriteStream.java:136)
	at com.google.cloud.datastore.emulator.impl.CloudFirestoreV1WriteStream.onNext(CloudFirestoreV1WriteStream.java:92)
	at com.google.cloud.datastore.emulator.impl.CloudFirestoreV1WriteStream.onNext(CloudFirestoreV1WriteStream.java:25)
	at io.grpc.stub.ServerCalls$StreamingServerCallHandler$StreamingServerCallListener.onMessage(ServerCalls.java:255)
	at io.grpc.ForwardingServerCallListener.onMessage(ForwardingServerCallListener.java:33)
	at io.grpc.Contexts$ContextualizedServerCallListener.onMessage(Contexts.java:76)
	at io.grpc.ForwardingServerCallListener.onMessage(ForwardingServerCallListener.java:33)
	at io.grpc.Contexts$ContextualizedServerCallListener.onMessage(Contexts.java:76)
	at io.grpc.internal.ServerCallImpl$ServerStreamListenerImpl.messagesAvailableInternal(ServerCallImpl.java:309)
	at io.grpc.internal.ServerCallImpl$ServerStreamListenerImpl.messagesAvailable(ServerCallImpl.java:292)
	at io.grpc.internal.ServerImpl$JumpToApplicationThreadServerStreamListener$1MessagesAvailable.runInContext(ServerImpl.java:765)
	at io.grpc.internal.ContextRunnable.run(ContextRunnable.java:37)
	at io.grpc.internal.SerializingExecutor.run(SerializingExecutor.java:123)
	at java.base/java.util.concurrent.ThreadPoolExecutor.runWorker(ThreadPoolExecutor.java:1130)
	at java.base/java.util.concurrent.ThreadPoolExecutor$Worker.run(ThreadPoolExecutor.java:630)
	at java.base/java.lang.Thread.run(Thread.java:831)

Jul 05, 2021 7:30:09 PM io.gapi.emulators.netty.HttpVersionRoutingHandler channelRead
INFO: Detected non-HTTP/2 connection.
Jul 05, 2021 7:30:40 PM io.gapi.emulators.netty.HttpVersionRoutingHandler channelRead
INFO: Detected non-HTTP/2 connection.
Jul 05, 2021 7:30:41 PM io.gapi.emulators.netty.HttpVersionRoutingHandler channelRead
INFO: Detected HTTP/2 connection.
Jul 05, 2021 7:30:41 PM io.gapi.emulators.netty.HttpVersionRoutingHandler channelRead
INFO: Detected non-HTTP/2 connection.
Jul 05, 2021 7:30:41 PM io.gapi.emulators.netty.HttpVersionRoutingHandler channelRead
INFO: Detected non-HTTP/2 connection.
Jul 05, 2021 7:30:41 PM io.gapi.emulators.netty.HttpVersionRoutingHandler channelRead
INFO: Detected non-HTTP/2 connection.
Jul 05, 2021 7:30:41 PM io.gapi.emulators.netty.HttpVersionRoutingHandler channelRead
INFO: Detected non-HTTP/2 connection.
Jul 05, 2021 7:30:41 PM com.google.cloud.datastore.emulator.impl.util.WrappedStreamObserver onError
INFO: operation failed: 
false for 'create' @ L62
com.google.cloud.datastore.core.exception.DatastoreException: 
false for 'create' @ L62
	at com.google.cloud.datastore.core.exception.DatastoreException$Builder.build(DatastoreException.java:111)
	at com.google.cloud.datastore.emulator.impl.rules.EmulatorRulesAuthorizer.verboseError(EmulatorRulesAuthorizer.java:289)
	at com.google.cloud.datastore.emulator.impl.rules.EmulatorRulesAuthorizer.withVerboseErrors(EmulatorRulesAuthorizer.java:266)
	at com.google.cloud.datastore.emulator.impl.rules.EmulatorRulesAuthorizer.checkCommit(EmulatorRulesAuthorizer.java:118)
	at com.google.cloud.datastore.emulator.impl.CloudFirestoreV1.commitHelper(CloudFirestoreV1.java:873)
	at com.google.cloud.datastore.emulator.impl.CloudFirestoreV1.internalCommit(CloudFirestoreV1.java:780)
	at com.google.cloud.datastore.emulator.impl.CloudFirestoreV1.internalCommit(CloudFirestoreV1.java:764)
	at com.google.cloud.datastore.emulator.impl.CloudFirestoreV1.write(CloudFirestoreV1.java:753)
	at com.google.cloud.datastore.emulator.impl.CloudFirestoreV1WriteStream.handleRequest(CloudFirestoreV1WriteStream.java:208)
	at com.google.cloud.datastore.emulator.impl.CloudFirestoreV1WriteStream.write(CloudFirestoreV1WriteStream.java:136)
	at com.google.cloud.datastore.emulator.impl.CloudFirestoreV1WriteStream.onNext(CloudFirestoreV1WriteStream.java:92)
	at com.google.cloud.datastore.emulator.impl.CloudFirestoreV1WriteStream.onNext(CloudFirestoreV1WriteStream.java:25)
	at io.grpc.stub.ServerCalls$StreamingServerCallHandler$StreamingServerCallListener.onMessage(ServerCalls.java:255)
	at io.grpc.ForwardingServerCallListener.onMessage(ForwardingServerCallListener.java:33)
	at io.grpc.Contexts$ContextualizedServerCallListener.onMessage(Contexts.java:76)
	at io.grpc.ForwardingServerCallListener.onMessage(ForwardingServerCallListener.java:33)
	at io.grpc.Contexts$ContextualizedServerCallListener.onMessage(Contexts.java:76)
	at io.grpc.internal.ServerCallImpl$ServerStreamListenerImpl.messagesAvailableInternal(ServerCallImpl.java:309)
	at io.grpc.internal.ServerCallImpl$ServerStreamListenerImpl.messagesAvailable(ServerCallImpl.java:292)
	at io.grpc.internal.ServerImpl$JumpToApplicationThreadServerStreamListener$1MessagesAvailable.runInContext(ServerImpl.java:765)
	at io.grpc.internal.ContextRunnable.run(ContextRunnable.java:37)
	at io.grpc.internal.SerializingExecutor.run(SerializingExecutor.java:123)
	at java.base/java.util.concurrent.ThreadPoolExecutor.runWorker(ThreadPoolExecutor.java:1130)
	at java.base/java.util.concurrent.ThreadPoolExecutor$Worker.run(ThreadPoolExecutor.java:630)
	at java.base/java.lang.Thread.run(Thread.java:831)

Jul 05, 2021 7:30:41 PM io.gapi.emulators.netty.HttpVersionRoutingHandler channelRead
INFO: Detected non-HTTP/2 connection.
Jul 05, 2021 7:30:41 PM io.gapi.emulators.netty.HttpVersionRoutingHandler channelRead
INFO: Detected non-HTTP/2 connection.
Jul 05, 2021 7:30:41 PM io.gapi.emulators.netty.HttpVersionRoutingHandler channelRead
INFO: Detected non-HTTP/2 connection.
Jul 05, 2021 7:30:41 PM com.google.cloud.datastore.emulator.impl.util.WrappedStreamObserver onError
INFO: operation failed: 
false for 'create' @ L47
com.google.cloud.datastore.core.exception.DatastoreException: 
false for 'create' @ L47
	at com.google.cloud.datastore.core.exception.DatastoreException$Builder.build(DatastoreException.java:111)
	at com.google.cloud.datastore.emulator.impl.rules.EmulatorRulesAuthorizer.verboseError(EmulatorRulesAuthorizer.java:289)
	at com.google.cloud.datastore.emulator.impl.rules.EmulatorRulesAuthorizer.withVerboseErrors(EmulatorRulesAuthorizer.java:266)
	at com.google.cloud.datastore.emulator.impl.rules.EmulatorRulesAuthorizer.checkCommit(EmulatorRulesAuthorizer.java:118)
	at com.google.cloud.datastore.emulator.impl.CloudFirestoreV1.commitHelper(CloudFirestoreV1.java:873)
	at com.google.cloud.datastore.emulator.impl.CloudFirestoreV1.internalCommit(CloudFirestoreV1.java:780)
	at com.google.cloud.datastore.emulator.impl.CloudFirestoreV1.internalCommit(CloudFirestoreV1.java:764)
	at com.google.cloud.datastore.emulator.impl.CloudFirestoreV1.write(CloudFirestoreV1.java:753)
	at com.google.cloud.datastore.emulator.impl.CloudFirestoreV1WriteStream.handleRequest(CloudFirestoreV1WriteStream.java:208)
	at com.google.cloud.datastore.emulator.impl.CloudFirestoreV1WriteStream.write(CloudFirestoreV1WriteStream.java:136)
	at com.google.cloud.datastore.emulator.impl.CloudFirestoreV1WriteStream.onNext(CloudFirestoreV1WriteStream.java:92)
	at com.google.cloud.datastore.emulator.impl.CloudFirestoreV1WriteStream.onNext(CloudFirestoreV1WriteStream.java:25)
	at io.grpc.stub.ServerCalls$StreamingServerCallHandler$StreamingServerCallListener.onMessage(ServerCalls.java:255)
	at io.grpc.ForwardingServerCallListener.onMessage(ForwardingServerCallListener.java:33)
	at io.grpc.Contexts$ContextualizedServerCallListener.onMessage(Contexts.java:76)
	at io.grpc.ForwardingServerCallListener.onMessage(ForwardingServerCallListener.java:33)
	at io.grpc.Contexts$ContextualizedServerCallListener.onMessage(Contexts.java:76)
	at io.grpc.internal.ServerCallImpl$ServerStreamListenerImpl.messagesAvailableInternal(ServerCallImpl.java:309)
	at io.grpc.internal.ServerCallImpl$ServerStreamListenerImpl.messagesAvailable(ServerCallImpl.java:292)
	at io.grpc.internal.ServerImpl$JumpToApplicationThreadServerStreamListener$1MessagesAvailable.runInContext(ServerImpl.java:765)
	at io.grpc.internal.ContextRunnable.run(ContextRunnable.java:37)
	at io.grpc.internal.SerializingExecutor.run(SerializingExecutor.java:123)
	at java.base/java.util.concurrent.ThreadPoolExecutor.runWorker(ThreadPoolExecutor.java:1130)
	at java.base/java.util.concurrent.ThreadPoolExecutor$Worker.run(ThreadPoolExecutor.java:630)
	at java.base/java.lang.Thread.run(Thread.java:831)

Jul 05, 2021 7:30:41 PM io.gapi.emulators.netty.HttpVersionRoutingHandler channelRead
INFO: Detected non-HTTP/2 connection.
Jul 05, 2021 7:31:24 PM io.gapi.emulators.netty.HttpVersionRoutingHandler channelRead
INFO: Detected non-HTTP/2 connection.
Jul 05, 2021 7:31:24 PM io.gapi.emulators.netty.HttpVersionRoutingHandler channelRead
INFO: Detected HTTP/2 connection.
Jul 05, 2021 7:31:24 PM com.google.cloud.datastore.emulator.impl.util.WrappedStreamObserver onError
INFO: operation failed: 
false for 'create' @ L62
com.google.cloud.datastore.core.exception.DatastoreException: 
false for 'create' @ L62
	at com.google.cloud.datastore.core.exception.DatastoreException$Builder.build(DatastoreException.java:111)
	at com.google.cloud.datastore.emulator.impl.rules.EmulatorRulesAuthorizer.verboseError(EmulatorRulesAuthorizer.java:289)
	at com.google.cloud.datastore.emulator.impl.rules.EmulatorRulesAuthorizer.withVerboseErrors(EmulatorRulesAuthorizer.java:266)
	at com.google.cloud.datastore.emulator.impl.rules.EmulatorRulesAuthorizer.checkCommit(EmulatorRulesAuthorizer.java:118)
	at com.google.cloud.datastore.emulator.impl.CloudFirestoreV1.commitHelper(CloudFirestoreV1.java:873)
	at com.google.cloud.datastore.emulator.impl.CloudFirestoreV1.internalCommit(CloudFirestoreV1.java:780)
	at com.google.cloud.datastore.emulator.impl.CloudFirestoreV1.internalCommit(CloudFirestoreV1.java:764)
	at com.google.cloud.datastore.emulator.impl.CloudFirestoreV1.write(CloudFirestoreV1.java:753)
	at com.google.cloud.datastore.emulator.impl.CloudFirestoreV1WriteStream.handleRequest(CloudFirestoreV1WriteStream.java:208)
	at com.google.cloud.datastore.emulator.impl.CloudFirestoreV1WriteStream.write(CloudFirestoreV1WriteStream.java:136)
	at com.google.cloud.datastore.emulator.impl.CloudFirestoreV1WriteStream.onNext(CloudFirestoreV1WriteStream.java:92)
	at com.google.cloud.datastore.emulator.impl.CloudFirestoreV1WriteStream.onNext(CloudFirestoreV1WriteStream.java:25)
	at io.grpc.stub.ServerCalls$StreamingServerCallHandler$StreamingServerCallListener.onMessage(ServerCalls.java:255)
	at io.grpc.ForwardingServerCallListener.onMessage(ForwardingServerCallListener.java:33)
	at io.grpc.Contexts$ContextualizedServerCallListener.onMessage(Contexts.java:76)
	at io.grpc.ForwardingServerCallListener.onMessage(ForwardingServerCallListener.java:33)
	at io.grpc.Contexts$ContextualizedServerCallListener.onMessage(Contexts.java:76)
	at io.grpc.internal.ServerCallImpl$ServerStreamListenerImpl.messagesAvailableInternal(ServerCallImpl.java:309)
	at io.grpc.internal.ServerCallImpl$ServerStreamListenerImpl.messagesAvailable(ServerCallImpl.java:292)
	at io.grpc.internal.ServerImpl$JumpToApplicationThreadServerStreamListener$1MessagesAvailable.runInContext(ServerImpl.java:765)
	at io.grpc.internal.ContextRunnable.run(ContextRunnable.java:37)
	at io.grpc.internal.SerializingExecutor.run(SerializingExecutor.java:123)
	at java.base/java.util.concurrent.ThreadPoolExecutor.runWorker(ThreadPoolExecutor.java:1130)
	at java.base/java.util.concurrent.ThreadPoolExecutor$Worker.run(ThreadPoolExecutor.java:630)
	at java.base/java.lang.Thread.run(Thread.java:831)

Jul 05, 2021 7:31:34 PM io.gapi.emulators.netty.HttpVersionRoutingHandler channelRead
INFO: Detected non-HTTP/2 connection.
Jul 05, 2021 7:31:46 PM io.gapi.emulators.netty.HttpVersionRoutingHandler channelRead
INFO: Detected non-HTTP/2 connection.
Jul 05, 2021 7:31:46 PM io.gapi.emulators.netty.HttpVersionRoutingHandler channelRead
INFO: Detected non-HTTP/2 connection.
Jul 05, 2021 7:31:46 PM io.gapi.emulators.netty.HttpVersionRoutingHandler channelRead
INFO: Detected non-HTTP/2 connection.
Jul 05, 2021 7:31:46 PM io.gapi.emulators.netty.HttpVersionRoutingHandler channelRead
INFO: Detected non-HTTP/2 connection.
Jul 05, 2021 7:31:46 PM io.gapi.emulators.netty.HttpVersionRoutingHandler channelRead
INFO: Detected non-HTTP/2 connection.
Jul 05, 2021 7:31:47 PM io.gapi.emulators.netty.HttpVersionRoutingHandler channelRead
INFO: Detected non-HTTP/2 connection.
Jul 05, 2021 7:32:04 PM io.gapi.emulators.netty.HttpVersionRoutingHandler channelRead
INFO: Detected non-HTTP/2 connection.
Jul 05, 2021 7:32:04 PM io.gapi.emulators.netty.HttpVersionRoutingHandler channelRead
INFO: Detected non-HTTP/2 connection.
Jul 05, 2021 7:32:09 PM io.gapi.emulators.netty.HttpVersionRoutingHandler channelRead
INFO: Detected non-HTTP/2 connection.
Jul 05, 2021 7:32:09 PM io.gapi.emulators.netty.HttpVersionRoutingHandler channelRead
INFO: Detected HTTP/2 connection.
Jul 05, 2021 7:32:09 PM com.google.cloud.datastore.emulator.impl.util.WrappedStreamObserver onError
INFO: operation failed: 
false for 'create' @ L62
com.google.cloud.datastore.core.exception.DatastoreException: 
false for 'create' @ L62
	at com.google.cloud.datastore.core.exception.DatastoreException$Builder.build(DatastoreException.java:111)
	at com.google.cloud.datastore.emulator.impl.rules.EmulatorRulesAuthorizer.verboseError(EmulatorRulesAuthorizer.java:289)
	at com.google.cloud.datastore.emulator.impl.rules.EmulatorRulesAuthorizer.withVerboseErrors(EmulatorRulesAuthorizer.java:266)
	at com.google.cloud.datastore.emulator.impl.rules.EmulatorRulesAuthorizer.checkCommit(EmulatorRulesAuthorizer.java:118)
	at com.google.cloud.datastore.emulator.impl.CloudFirestoreV1.commitHelper(CloudFirestoreV1.java:873)
	at com.google.cloud.datastore.emulator.impl.CloudFirestoreV1.internalCommit(CloudFirestoreV1.java:780)
	at com.google.cloud.datastore.emulator.impl.CloudFirestoreV1.internalCommit(CloudFirestoreV1.java:764)
	at com.google.cloud.datastore.emulator.impl.CloudFirestoreV1.write(CloudFirestoreV1.java:753)
	at com.google.cloud.datastore.emulator.impl.CloudFirestoreV1WriteStream.handleRequest(CloudFirestoreV1WriteStream.java:208)
	at com.google.cloud.datastore.emulator.impl.CloudFirestoreV1WriteStream.write(CloudFirestoreV1WriteStream.java:136)
	at com.google.cloud.datastore.emulator.impl.CloudFirestoreV1WriteStream.onNext(CloudFirestoreV1WriteStream.java:92)
	at com.google.cloud.datastore.emulator.impl.CloudFirestoreV1WriteStream.onNext(CloudFirestoreV1WriteStream.java:25)
	at io.grpc.stub.ServerCalls$StreamingServerCallHandler$StreamingServerCallListener.onMessage(ServerCalls.java:255)
	at io.grpc.ForwardingServerCallListener.onMessage(ForwardingServerCallListener.java:33)
	at io.grpc.Contexts$ContextualizedServerCallListener.onMessage(Contexts.java:76)
	at io.grpc.ForwardingServerCallListener.onMessage(ForwardingServerCallListener.java:33)
	at io.grpc.Contexts$ContextualizedServerCallListener.onMessage(Contexts.java:76)
	at io.grpc.internal.ServerCallImpl$ServerStreamListenerImpl.messagesAvailableInternal(ServerCallImpl.java:309)
	at io.grpc.internal.ServerCallImpl$ServerStreamListenerImpl.messagesAvailable(ServerCallImpl.java:292)
	at io.grpc.internal.ServerImpl$JumpToApplicationThreadServerStreamListener$1MessagesAvailable.runInContext(ServerImpl.java:765)
	at io.grpc.internal.ContextRunnable.run(ContextRunnable.java:37)
	at io.grpc.internal.SerializingExecutor.run(SerializingExecutor.java:123)
	at java.base/java.util.concurrent.ThreadPoolExecutor.runWorker(ThreadPoolExecutor.java:1130)
	at java.base/java.util.concurrent.ThreadPoolExecutor$Worker.run(ThreadPoolExecutor.java:630)
	at java.base/java.lang.Thread.run(Thread.java:831)

Jul 05, 2021 7:32:14 PM io.gapi.emulators.netty.HttpVersionRoutingHandler channelRead
INFO: Detected non-HTTP/2 connection.
Jul 05, 2021 7:32:14 PM io.gapi.emulators.netty.HttpVersionRoutingHandler channelRead
INFO: Detected non-HTTP/2 connection.
Jul 05, 2021 7:32:14 PM io.gapi.emulators.netty.HttpVersionRoutingHandler channelRead
INFO: Detected non-HTTP/2 connection.
Jul 05, 2021 7:33:14 PM io.gapi.emulators.netty.HttpVersionRoutingHandler channelRead
INFO: Detected non-HTTP/2 connection.
Jul 05, 2021 7:34:14 PM io.gapi.emulators.netty.HttpVersionRoutingHandler channelRead
INFO: Detected non-HTTP/2 connection.
Jul 05, 2021 7:35:14 PM io.gapi.emulators.netty.HttpVersionRoutingHandler channelRead
INFO: Detected non-HTTP/2 connection.
Jul 05, 2021 7:36:14 PM io.gapi.emulators.netty.HttpVersionRoutingHandler channelRead
INFO: Detected non-HTTP/2 connection.
*** shutting down gRPC server since JVM is shutting down
*** server shut down
